\BOOKMARK [0][-]{chapter.1}{\376\377\0001\000\040\000H\000o\000m\000e}{}% 1
\BOOKMARK [1][-]{section.1.1}{\376\377\0001\000.\0001\000\040\000I\000n\000t\000r\000o\000d\000u\000c\000t\000i\000o\000n}{chapter.1}% 2
\BOOKMARK [1][-]{section.1.2}{\376\377\0001\000.\0002\000\040\000I\000n\000s\000t\000a\000l\000l\000a\000t\000i\000o\000n}{chapter.1}% 3
\BOOKMARK [1][-]{section.1.3}{\376\377\0001\000.\0003\000\040\000U\000p\000d\000a\000t\000e}{chapter.1}% 4
\BOOKMARK [1][-]{section.1.4}{\376\377\0001\000.\0004\000\040\000G\000e\000t\000\040\000s\000t\000a\000r\000t\000e\000d}{chapter.1}% 5
\BOOKMARK [1][-]{section.1.5}{\376\377\0001\000.\0005\000\040\000R\000e\000l\000i\000a\000b\000i\000l\000i\000t\000y}{chapter.1}% 6
\BOOKMARK [0][-]{chapter.2}{\376\377\0002\000\040\000T\000o\000d\000o\000\040\000L\000i\000s\000t}{}% 7
\BOOKMARK [0][-]{chapter.3}{\376\377\0003\000\040\000B\000u\000g\000\040\000L\000i\000s\000t}{}% 8
\BOOKMARK [0][-]{chapter.4}{\376\377\0004\000\040\000N\000a\000m\000e\000s\000p\000a\000c\000e\000\040\000I\000n\000d\000e\000x}{}% 9
\BOOKMARK [1][-]{section.4.1}{\376\377\0004\000.\0001\000\040\000N\000a\000m\000e\000s\000p\000a\000c\000e\000\040\000L\000i\000s\000t}{chapter.4}% 10
\BOOKMARK [0][-]{chapter.5}{\376\377\0005\000\040\000H\000i\000e\000r\000a\000r\000c\000h\000i\000c\000a\000l\000\040\000I\000n\000d\000e\000x}{}% 11
\BOOKMARK [1][-]{section.5.1}{\376\377\0005\000.\0001\000\040\000C\000l\000a\000s\000s\000\040\000H\000i\000e\000r\000a\000r\000c\000h\000y}{chapter.5}% 12
\BOOKMARK [0][-]{chapter.6}{\376\377\0006\000\040\000C\000l\000a\000s\000s\000\040\000I\000n\000d\000e\000x}{}% 13
\BOOKMARK [1][-]{section.6.1}{\376\377\0006\000.\0001\000\040\000C\000l\000a\000s\000s\000\040\000L\000i\000s\000t}{chapter.6}% 14
\BOOKMARK [0][-]{chapter.7}{\376\377\0007\000\040\000F\000i\000l\000e\000\040\000I\000n\000d\000e\000x}{}% 15
\BOOKMARK [1][-]{section.7.1}{\376\377\0007\000.\0001\000\040\000F\000i\000l\000e\000\040\000L\000i\000s\000t}{chapter.7}% 16
\BOOKMARK [0][-]{chapter.8}{\376\377\0008\000\040\000N\000a\000m\000e\000s\000p\000a\000c\000e\000\040\000D\000o\000c\000u\000m\000e\000n\000t\000a\000t\000i\000o\000n}{}% 17
\BOOKMARK [1][-]{section.8.1}{\376\377\0008\000.\0001\000\040\000C\000o\000m\000m\000o\000n\000\040\000N\000a\000m\000e\000s\000p\000a\000c\000e\000\040\000R\000e\000f\000e\000r\000e\000n\000c\000e}{chapter.8}% 18
\BOOKMARK [2][-]{subsection.8.1.1}{\376\377\0008\000.\0001\000.\0001\000\040\000F\000u\000n\000c\000t\000i\000o\000n\000\040\000D\000o\000c\000u\000m\000e\000n\000t\000a\000t\000i\000o\000n}{section.8.1}% 19
\BOOKMARK [3][-]{subsubsection.8.1.1.1}{\376\377\0008\000.\0001\000.\0001\000.\0001\000\040\000M\000a\000k\000e\000P\000a\000i\000r\000\050\000\051}{subsection.8.1.1}% 20
\BOOKMARK [3][-]{subsubsection.8.1.1.2}{\376\377\0008\000.\0001\000.\0001\000.\0002\000\040\000G\000e\000t\000I\000t\000e\000r\000a\000t\000o\000r\000D\000i\000s\000t\000a\000n\000c\000e\000\050\000\051}{subsection.8.1.1}% 21
\BOOKMARK [3][-]{subsubsection.8.1.1.3}{\376\377\0008\000.\0001\000.\0001\000.\0003\000\040\000A\000l\000l\000o\000c\000a\000t\000e\000\050\000\051}{subsection.8.1.1}% 22
\BOOKMARK [3][-]{subsubsection.8.1.1.4}{\376\377\0008\000.\0001\000.\0001\000.\0004\000\040\000D\000e\000a\000l\000l\000o\000c\000a\000t\000e\000\050\000\051}{subsection.8.1.1}% 23
\BOOKMARK [3][-]{subsubsection.8.1.1.5}{\376\377\0008\000.\0001\000.\0001\000.\0005\000\040\000C\000o\000n\000s\000t\000r\000u\000c\000t\000\050\000\051}{subsection.8.1.1}% 24
\BOOKMARK [3][-]{subsubsection.8.1.1.6}{\376\377\0008\000.\0001\000.\0001\000.\0006\000\040\000D\000e\000s\000t\000r\000u\000c\000t\000\050\000\051}{subsection.8.1.1}% 25
\BOOKMARK [3][-]{subsubsection.8.1.1.7}{\376\377\0008\000.\0001\000.\0001\000.\0007\000\040\000D\000e\000s\000t\000r\000u\000c\000t\000R\000a\000n\000g\000e\000\050\000\051}{subsection.8.1.1}% 26
\BOOKMARK [3][-]{subsubsection.8.1.1.8}{\376\377\0008\000.\0001\000.\0001\000.\0008\000\040\000D\000e\000s\000t\000r\000u\000c\000t\000A\000l\000l\000\050\000\051}{subsection.8.1.1}% 27
\BOOKMARK [3][-]{subsubsection.8.1.1.9}{\376\377\0008\000.\0001\000.\0001\000.\0009\000\040\000S\000a\000f\000e\000M\000o\000v\000e\000B\000l\000o\000c\000k\000\050\000\051}{subsection.8.1.1}% 28
\BOOKMARK [3][-]{subsubsection.8.1.1.10}{\376\377\0008\000.\0001\000.\0001\000.\0001\0000\000\040\000S\000a\000f\000e\000M\000o\000v\000e\000B\000l\000o\000c\000k\000R\000e\000v\000e\000r\000s\000e\000\050\000\051}{subsection.8.1.1}% 29
\BOOKMARK [3][-]{subsubsection.8.1.1.11}{\376\377\0008\000.\0001\000.\0001\000.\0001\0001\000\040\000R\000e\000c\000o\000n\000s\000t\000r\000u\000c\000t\000\050\000\051}{subsection.8.1.1}% 30
\BOOKMARK [3][-]{subsubsection.8.1.1.12}{\376\377\0008\000.\0001\000.\0001\000.\0001\0002\000\040\000S\000a\000f\000e\000B\000u\000l\000k\000C\000o\000n\000s\000t\000r\000u\000c\000t\000\050\000\051}{subsection.8.1.1}% 31
\BOOKMARK [3][-]{subsubsection.8.1.1.13}{\376\377\0008\000.\0001\000.\0001\000.\0001\0003\000\040\000S\000a\000f\000e\000F\000i\000l\000l\000C\000o\000n\000s\000t\000r\000u\000c\000t\000\050\000\051}{subsection.8.1.1}% 32
\BOOKMARK [3][-]{subsubsection.8.1.1.14}{\376\377\0008\000.\0001\000.\0001\000.\0001\0004\000\040\000G\000e\000t\000R\000a\000w\000S\000t\000r\000i\000n\000g\000L\000e\000n\000g\000t\000h\000\050\000\051\000\040\000[\0001\000/\0002\000]}{subsection.8.1.1}% 33
\BOOKMARK [3][-]{subsubsection.8.1.1.15}{\376\377\0008\000.\0001\000.\0001\000.\0001\0005\000\040\000G\000e\000t\000R\000a\000w\000S\000t\000r\000i\000n\000g\000L\000e\000n\000g\000t\000h\000\050\000\051\000\040\000[\0002\000/\0002\000]}{subsection.8.1.1}% 34
\BOOKMARK [3][-]{subsubsection.8.1.1.16}{\376\377\0008\000.\0001\000.\0001\000.\0001\0006\000\040\000C\000o\000p\000y\000R\000a\000w\000S\000t\000r\000i\000n\000g\000\050\000\051\000\040\000[\0001\000/\0002\000]}{subsection.8.1.1}% 35
\BOOKMARK [3][-]{subsubsection.8.1.1.17}{\376\377\0008\000.\0001\000.\0001\000.\0001\0007\000\040\000C\000o\000p\000y\000R\000a\000w\000S\000t\000r\000i\000n\000g\000\050\000\051\000\040\000[\0002\000/\0002\000]}{subsection.8.1.1}% 36
\BOOKMARK [3][-]{subsubsection.8.1.1.18}{\376\377\0008\000.\0001\000.\0001\000.\0001\0008\000\040\000A\000r\000e\000R\000a\000w\000S\000t\000r\000i\000n\000g\000s\000E\000q\000u\000a\000l\000\050\000\051\000\040\000[\0001\000/\0002\000]}{subsection.8.1.1}% 37
\BOOKMARK [3][-]{subsubsection.8.1.1.19}{\376\377\0008\000.\0001\000.\0001\000.\0001\0009\000\040\000A\000r\000e\000R\000a\000w\000S\000t\000r\000i\000n\000g\000s\000E\000q\000u\000a\000l\000\050\000\051\000\040\000[\0002\000/\0002\000]}{subsection.8.1.1}% 38
\BOOKMARK [3][-]{subsubsection.8.1.1.20}{\376\377\0008\000.\0001\000.\0001\000.\0002\0000\000\040\000B\000u\000b\000b\000l\000e\000S\000o\000r\000t\000\050\000\051}{subsection.8.1.1}% 39
\BOOKMARK [3][-]{subsubsection.8.1.1.21}{\376\377\0008\000.\0001\000.\0001\000.\0002\0001\000\040\000S\000e\000l\000e\000c\000t\000i\000o\000n\000S\000o\000r\000t\000\050\000\051}{subsection.8.1.1}% 40
\BOOKMARK [3][-]{subsubsection.8.1.1.22}{\376\377\0008\000.\0001\000.\0001\000.\0002\0002\000\040\000Q\000u\000i\000c\000k\000S\000o\000r\000t\000\050\000\051}{subsection.8.1.1}% 41
\BOOKMARK [3][-]{subsubsection.8.1.1.23}{\376\377\0008\000.\0001\000.\0001\000.\0002\0003\000\040\000M\000o\000v\000e\000\050\000\051}{subsection.8.1.1}% 42
\BOOKMARK [3][-]{subsubsection.8.1.1.24}{\376\377\0008\000.\0001\000.\0001\000.\0002\0004\000\040\000S\000w\000a\000p\000\050\000\051}{subsection.8.1.1}% 43
\BOOKMARK [1][-]{section.8.2}{\376\377\0008\000.\0002\000\040\000C\000o\000m\000m\000o\000n\000:\000:\000I\000t\000e\000r\000a\000t\000o\000r\000s\000\040\000N\000a\000m\000e\000s\000p\000a\000c\000e\000\040\000R\000e\000f\000e\000r\000e\000n\000c\000e}{chapter.8}% 44
\BOOKMARK [0][-]{chapter.9}{\376\377\0009\000\040\000C\000l\000a\000s\000s\000\040\000D\000o\000c\000u\000m\000e\000n\000t\000a\000t\000i\000o\000n}{}% 45
\BOOKMARK [1][-]{section.9.1}{\376\377\0009\000.\0001\000\040\000C\000o\000m\000m\000o\000n\000:\000:\000C\000B\000a\000d\000A\000l\000l\000o\000c\000\040\000C\000l\000a\000s\000s\000\040\000R\000e\000f\000e\000r\000e\000n\000c\000e}{chapter.9}% 46
\BOOKMARK [2][-]{subsection.9.1.1}{\376\377\0009\000.\0001\000.\0001\000\040\000D\000e\000t\000a\000i\000l\000e\000d\000\040\000D\000e\000s\000c\000r\000i\000p\000t\000i\000o\000n}{section.9.1}% 47
\BOOKMARK [2][-]{subsection.9.1.2}{\376\377\0009\000.\0001\000.\0002\000\040\000C\000o\000n\000s\000t\000r\000u\000c\000t\000o\000r\000\040\000\046\000\040\000D\000e\000s\000t\000r\000u\000c\000t\000o\000r\000\040\000D\000o\000c\000u\000m\000e\000n\000t\000a\000t\000i\000o\000n}{section.9.1}% 48
\BOOKMARK [3][-]{subsubsection.9.1.2.1}{\376\377\0009\000.\0001\000.\0002\000.\0001\000\040\000C\000B\000a\000d\000A\000l\000l\000o\000c\000\050\000\051\000\040\000[\0001\000/\0002\000]}{subsection.9.1.2}% 49
\BOOKMARK [3][-]{subsubsection.9.1.2.2}{\376\377\0009\000.\0001\000.\0002\000.\0002\000\040\000C\000B\000a\000d\000A\000l\000l\000o\000c\000\050\000\051\000\040\000[\0002\000/\0002\000]}{subsection.9.1.2}% 50
\BOOKMARK [2][-]{subsection.9.1.3}{\376\377\0009\000.\0001\000.\0003\000\040\000M\000e\000m\000b\000e\000r\000\040\000F\000u\000n\000c\000t\000i\000o\000n\000\040\000D\000o\000c\000u\000m\000e\000n\000t\000a\000t\000i\000o\000n}{section.9.1}% 51
\BOOKMARK [3][-]{subsubsection.9.1.3.1}{\376\377\0009\000.\0001\000.\0003\000.\0001\000\040\000G\000e\000t\000R\000e\000q\000u\000e\000s\000t\000e\000d\000A\000l\000l\000o\000c\000S\000i\000z\000e\000\050\000\051}{subsection.9.1.3}% 52
\BOOKMARK [2][-]{subsection.9.1.4}{\376\377\0009\000.\0001\000.\0004\000\040\000M\000e\000m\000b\000e\000r\000\040\000D\000a\000t\000a\000\040\000D\000o\000c\000u\000m\000e\000n\000t\000a\000t\000i\000o\000n}{section.9.1}% 53
\BOOKMARK [3][-]{subsubsection.9.1.4.1}{\376\377\0009\000.\0001\000.\0004\000.\0001\000\040\000R\000e\000q\000u\000e\000s\000t\000e\000d\000A\000l\000l\000o\000c\000S\000i\000z\000e}{subsection.9.1.4}% 54
\BOOKMARK [1][-]{section.9.2}{\376\377\0009\000.\0002\000\040\000C\000o\000m\000m\000o\000n\000:\000:\000C\000D\000o\000e\000s\000N\000o\000t\000E\000x\000i\000s\000t\000\040\000C\000l\000a\000s\000s\000\040\000R\000e\000f\000e\000r\000e\000n\000c\000e}{chapter.9}% 55
\BOOKMARK [2][-]{subsection.9.2.1}{\376\377\0009\000.\0002\000.\0001\000\040\000D\000e\000t\000a\000i\000l\000e\000d\000\040\000D\000e\000s\000c\000r\000i\000p\000t\000i\000o\000n}{section.9.2}% 56
\BOOKMARK [2][-]{subsection.9.2.2}{\376\377\0009\000.\0002\000.\0002\000\040\000C\000o\000n\000s\000t\000r\000u\000c\000t\000o\000r\000\040\000\046\000\040\000D\000e\000s\000t\000r\000u\000c\000t\000o\000r\000\040\000D\000o\000c\000u\000m\000e\000n\000t\000a\000t\000i\000o\000n}{section.9.2}% 57
\BOOKMARK [3][-]{subsubsection.9.2.2.1}{\376\377\0009\000.\0002\000.\0002\000.\0001\000\040\000C\000D\000o\000e\000s\000N\000o\000t\000E\000x\000i\000s\000t\000\050\000\051}{subsection.9.2.2}% 58
\BOOKMARK [1][-]{section.9.3}{\376\377\0009\000.\0003\000\040\000C\000o\000m\000m\000o\000n\000:\000:\000C\000E\000x\000c\000e\000p\000t\000i\000o\000n\000\040\000C\000l\000a\000s\000s\000\040\000R\000e\000f\000e\000r\000e\000n\000c\000e}{chapter.9}% 59
\BOOKMARK [2][-]{subsection.9.3.1}{\376\377\0009\000.\0003\000.\0001\000\040\000D\000e\000t\000a\000i\000l\000e\000d\000\040\000D\000e\000s\000c\000r\000i\000p\000t\000i\000o\000n}{section.9.3}% 60
\BOOKMARK [2][-]{subsection.9.3.2}{\376\377\0009\000.\0003\000.\0002\000\040\000C\000o\000n\000s\000t\000r\000u\000c\000t\000o\000r\000\040\000\046\000\040\000D\000e\000s\000t\000r\000u\000c\000t\000o\000r\000\040\000D\000o\000c\000u\000m\000e\000n\000t\000a\000t\000i\000o\000n}{section.9.3}% 61
\BOOKMARK [3][-]{subsubsection.9.3.2.1}{\376\377\0009\000.\0003\000.\0002\000.\0001\000\040\000C\000E\000x\000c\000e\000p\000t\000i\000o\000n\000\050\000\051}{subsection.9.3.2}% 62
\BOOKMARK [3][-]{subsubsection.9.3.2.2}{\376\377\0009\000.\0003\000.\0002\000.\0002\000\040\000\040\000C\000E\000x\000c\000e\000p\000t\000i\000o\000n\000\050\000\051}{subsection.9.3.2}% 63
\BOOKMARK [2][-]{subsection.9.3.3}{\376\377\0009\000.\0003\000.\0003\000\040\000M\000e\000m\000b\000e\000r\000\040\000F\000u\000n\000c\000t\000i\000o\000n\000\040\000D\000o\000c\000u\000m\000e\000n\000t\000a\000t\000i\000o\000n}{section.9.3}% 64
\BOOKMARK [3][-]{subsubsection.9.3.3.1}{\376\377\0009\000.\0003\000.\0003\000.\0001\000\040\000G\000e\000t\000M\000e\000s\000s\000a\000g\000e\000\050\000\051}{subsection.9.3.3}% 65
\BOOKMARK [2][-]{subsection.9.3.4}{\376\377\0009\000.\0003\000.\0004\000\040\000M\000e\000m\000b\000e\000r\000\040\000D\000a\000t\000a\000\040\000D\000o\000c\000u\000m\000e\000n\000t\000a\000t\000i\000o\000n}{section.9.3}% 66
\BOOKMARK [3][-]{subsubsection.9.3.4.1}{\376\377\0009\000.\0003\000.\0004\000.\0001\000\040\000M\000e\000s\000s\000a\000g\000e}{subsection.9.3.4}% 67
\BOOKMARK [1][-]{section.9.4}{\376\377\0009\000.\0004\000\040\000C\000o\000m\000m\000o\000n\000:\000:\000C\000O\000u\000t\000O\000f\000R\000a\000n\000g\000e\000\040\000C\000l\000a\000s\000s\000\040\000R\000e\000f\000e\000r\000e\000n\000c\000e}{chapter.9}% 68
\BOOKMARK [2][-]{subsection.9.4.1}{\376\377\0009\000.\0004\000.\0001\000\040\000D\000e\000t\000a\000i\000l\000e\000d\000\040\000D\000e\000s\000c\000r\000i\000p\000t\000i\000o\000n}{section.9.4}% 69
\BOOKMARK [2][-]{subsection.9.4.2}{\376\377\0009\000.\0004\000.\0002\000\040\000C\000o\000n\000s\000t\000r\000u\000c\000t\000o\000r\000\040\000\046\000\040\000D\000e\000s\000t\000r\000u\000c\000t\000o\000r\000\040\000D\000o\000c\000u\000m\000e\000n\000t\000a\000t\000i\000o\000n}{section.9.4}% 70
\BOOKMARK [3][-]{subsubsection.9.4.2.1}{\376\377\0009\000.\0004\000.\0002\000.\0001\000\040\000C\000O\000u\000t\000O\000f\000R\000a\000n\000g\000e\000\050\000\051\000\040\000[\0001\000/\0002\000]}{subsection.9.4.2}% 71
\BOOKMARK [3][-]{subsubsection.9.4.2.2}{\376\377\0009\000.\0004\000.\0002\000.\0002\000\040\000C\000O\000u\000t\000O\000f\000R\000a\000n\000g\000e\000\050\000\051\000\040\000[\0002\000/\0002\000]}{subsection.9.4.2}% 72
\BOOKMARK [2][-]{subsection.9.4.3}{\376\377\0009\000.\0004\000.\0003\000\040\000M\000e\000m\000b\000e\000r\000\040\000F\000u\000n\000c\000t\000i\000o\000n\000\040\000D\000o\000c\000u\000m\000e\000n\000t\000a\000t\000i\000o\000n}{section.9.4}% 73
\BOOKMARK [3][-]{subsubsection.9.4.3.1}{\376\377\0009\000.\0004\000.\0003\000.\0001\000\040\000G\000e\000t\000E\000x\000p\000e\000c\000t\000e\000d\000R\000a\000n\000g\000e\000\050\000\051}{subsection.9.4.3}% 74
\BOOKMARK [3][-]{subsubsection.9.4.3.2}{\376\377\0009\000.\0004\000.\0003\000.\0002\000\040\000G\000e\000t\000R\000e\000q\000u\000e\000s\000t\000e\000d\000I\000n\000d\000e\000x\000\050\000\051}{subsection.9.4.3}% 75
\BOOKMARK [2][-]{subsection.9.4.4}{\376\377\0009\000.\0004\000.\0004\000\040\000M\000e\000m\000b\000e\000r\000\040\000D\000a\000t\000a\000\040\000D\000o\000c\000u\000m\000e\000n\000t\000a\000t\000i\000o\000n}{section.9.4}% 76
\BOOKMARK [3][-]{subsubsection.9.4.4.1}{\376\377\0009\000.\0004\000.\0004\000.\0001\000\040\000R\000e\000q\000u\000e\000s\000t\000e\000d\000I\000n\000d\000e\000x}{subsection.9.4.4}% 77
\BOOKMARK [3][-]{subsubsection.9.4.4.2}{\376\377\0009\000.\0004\000.\0004\000.\0002\000\040\000E\000x\000p\000e\000c\000t\000e\000d\000I\000n\000d\000e\000x}{subsection.9.4.4}% 78
\BOOKMARK [1][-]{section.9.5}{\376\377\0009\000.\0005\000\040\000C\000o\000m\000m\000o\000n\000:\000:\000R\000e\000m\000o\000v\000e\000R\000e\000f\000e\000r\000e\000n\000c\000e\000<\000\040\000T\000\040\000>\000\040\000S\000t\000r\000u\000c\000t\000\040\000T\000e\000m\000p\000l\000a\000t\000e\000\040\000R\000e\000f\000e\000r\000e\000n\000c\000e}{chapter.9}% 79
\BOOKMARK [2][-]{subsection.9.5.1}{\376\377\0009\000.\0005\000.\0001\000\040\000M\000e\000m\000b\000e\000r\000\040\000T\000y\000p\000e\000d\000e\000f\000\040\000D\000o\000c\000u\000m\000e\000n\000t\000a\000t\000i\000o\000n}{section.9.5}% 80
\BOOKMARK [3][-]{subsubsection.9.5.1.1}{\376\377\0009\000.\0005\000.\0001\000.\0001\000\040\000T\000y\000p\000e}{subsection.9.5.1}% 81
\BOOKMARK [1][-]{section.9.6}{\376\377\0009\000.\0006\000\040\000C\000o\000m\000m\000o\000n\000:\000:\000R\000e\000m\000o\000v\000e\000R\000e\000f\000e\000r\000e\000n\000c\000e\000<\000\040\000T\000\040\000\046\000\040\000>\000\040\000S\000t\000r\000u\000c\000t\000\040\000T\000e\000m\000p\000l\000a\000t\000e\000\040\000R\000e\000f\000e\000r\000e\000n\000c\000e}{chapter.9}% 82
\BOOKMARK [2][-]{subsection.9.6.1}{\376\377\0009\000.\0006\000.\0001\000\040\000M\000e\000m\000b\000e\000r\000\040\000T\000y\000p\000e\000d\000e\000f\000\040\000D\000o\000c\000u\000m\000e\000n\000t\000a\000t\000i\000o\000n}{section.9.6}% 83
\BOOKMARK [3][-]{subsubsection.9.6.1.1}{\376\377\0009\000.\0006\000.\0001\000.\0001\000\040\000T\000y\000p\000e}{subsection.9.6.1}% 84
\BOOKMARK [1][-]{section.9.7}{\376\377\0009\000.\0007\000\040\000C\000o\000m\000m\000o\000n\000:\000:\000R\000e\000m\000o\000v\000e\000R\000e\000f\000e\000r\000e\000n\000c\000e\000<\000\040\000T\000\040\000\046\000\046\000\040\000>\000\040\000S\000t\000r\000u\000c\000t\000\040\000T\000e\000m\000p\000l\000a\000t\000e\000\040\000R\000e\000f\000e\000r\000e\000n\000c\000e}{chapter.9}% 85
\BOOKMARK [2][-]{subsection.9.7.1}{\376\377\0009\000.\0007\000.\0001\000\040\000M\000e\000m\000b\000e\000r\000\040\000T\000y\000p\000e\000d\000e\000f\000\040\000D\000o\000c\000u\000m\000e\000n\000t\000a\000t\000i\000o\000n}{section.9.7}% 86
\BOOKMARK [3][-]{subsubsection.9.7.1.1}{\376\377\0009\000.\0007\000.\0001\000.\0001\000\040\000T\000y\000p\000e}{subsection.9.7.1}% 87
\BOOKMARK [1][-]{section.9.8}{\376\377\0009\000.\0008\000\040\000C\000o\000m\000m\000o\000n\000:\000:\000I\000t\000e\000r\000a\000t\000o\000r\000s\000:\000:\000T\000B\000l\000o\000c\000k\000I\000t\000e\000r\000a\000t\000o\000r\000<\000\040\000P\000t\000r\000T\000y\000p\000e\000,\000\040\000R\000e\000f\000T\000y\000p\000e\000\040\000>\000\040\000C\000l\000a\000s\000s\000\040\000T\000e\000m\000p\000l\000a\000t\000e\000\040\000R\000e\000f\000e\000r\000e\000n\000c\000e}{chapter.9}% 88
\BOOKMARK [2][-]{subsection.9.8.1}{\376\377\0009\000.\0008\000.\0001\000\040\000C\000o\000n\000s\000t\000r\000u\000c\000t\000o\000r\000\040\000\046\000\040\000D\000e\000s\000t\000r\000u\000c\000t\000o\000r\000\040\000D\000o\000c\000u\000m\000e\000n\000t\000a\000t\000i\000o\000n}{section.9.8}% 89
\BOOKMARK [3][-]{subsubsection.9.8.1.1}{\376\377\0009\000.\0008\000.\0001\000.\0001\000\040\000T\000B\000l\000o\000c\000k\000I\000t\000e\000r\000a\000t\000o\000r\000\050\000\051\000\040\000[\0001\000/\0002\000]}{subsection.9.8.1}% 90
\BOOKMARK [3][-]{subsubsection.9.8.1.2}{\376\377\0009\000.\0008\000.\0001\000.\0002\000\040\000T\000B\000l\000o\000c\000k\000I\000t\000e\000r\000a\000t\000o\000r\000\050\000\051\000\040\000[\0002\000/\0002\000]}{subsection.9.8.1}% 91
\BOOKMARK [2][-]{subsection.9.8.2}{\376\377\0009\000.\0008\000.\0002\000\040\000M\000e\000m\000b\000e\000r\000\040\000F\000u\000n\000c\000t\000i\000o\000n\000\040\000D\000o\000c\000u\000m\000e\000n\000t\000a\000t\000i\000o\000n}{section.9.8}% 92
\BOOKMARK [3][-]{subsubsection.9.8.2.1}{\376\377\0009\000.\0008\000.\0002\000.\0001\000\040\000o\000p\000e\000r\000a\000t\000o\000r\000+\000+\000\050\000\051}{subsection.9.8.2}% 93
\BOOKMARK [3][-]{subsubsection.9.8.2.2}{\376\377\0009\000.\0008\000.\0002\000.\0002\000\040\000o\000p\000e\000r\000a\000t\000o\000r\000+\000\050\000\051}{subsection.9.8.2}% 94
\BOOKMARK [3][-]{subsubsection.9.8.2.3}{\376\377\0009\000.\0008\000.\0002\000.\0003\000\040\000o\000p\000e\000r\000a\000t\000o\000r\000+\000=\000\050\000\051}{subsection.9.8.2}% 95
\BOOKMARK [3][-]{subsubsection.9.8.2.4}{\376\377\0009\000.\0008\000.\0002\000.\0004\000\040\000o\000p\000e\000r\000a\000t\000o\000r\040\023\000\050\000\051}{subsection.9.8.2}% 96
\BOOKMARK [3][-]{subsubsection.9.8.2.5}{\376\377\0009\000.\0008\000.\0002\000.\0005\000\040\000o\000p\000e\000r\000a\000t\000o\000r\000-\000\050\000\051}{subsection.9.8.2}% 97
\BOOKMARK [3][-]{subsubsection.9.8.2.6}{\376\377\0009\000.\0008\000.\0002\000.\0006\000\040\000o\000p\000e\000r\000a\000t\000o\000r\000-\000=\000\050\000\051}{subsection.9.8.2}% 98
\BOOKMARK [3][-]{subsubsection.9.8.2.7}{\376\377\0009\000.\0008\000.\0002\000.\0007\000\040\000o\000p\000e\000r\000a\000t\000o\000r\000=\000=\000\050\000\051}{subsection.9.8.2}% 99
\BOOKMARK [3][-]{subsubsection.9.8.2.8}{\376\377\0009\000.\0008\000.\0002\000.\0008\000\040\000o\000p\000e\000r\000a\000t\000o\000r\000!\000=\000\050\000\051}{subsection.9.8.2}% 100
\BOOKMARK [3][-]{subsubsection.9.8.2.9}{\376\377\0009\000.\0008\000.\0002\000.\0009\000\040\000o\000p\000e\000r\000a\000t\000o\000r\000*\000\050\000\051}{subsection.9.8.2}% 101
\BOOKMARK [1][-]{section.9.9}{\376\377\0009\000.\0009\000\040\000C\000o\000m\000m\000o\000n\000:\000:\000T\000O\000p\000t\000i\000o\000n\000a\000l\000<\000\040\000T\000\040\000>\000\040\000C\000l\000a\000s\000s\000\040\000T\000e\000m\000p\000l\000a\000t\000e\000\040\000R\000e\000f\000e\000r\000e\000n\000c\000e}{chapter.9}% 102
\BOOKMARK [2][-]{subsection.9.9.1}{\376\377\0009\000.\0009\000.\0001\000\040\000D\000e\000t\000a\000i\000l\000e\000d\000\040\000D\000e\000s\000c\000r\000i\000p\000t\000i\000o\000n}{section.9.9}% 103
\BOOKMARK [2][-]{subsection.9.9.2}{\376\377\0009\000.\0009\000.\0002\000\040\000C\000o\000n\000s\000t\000r\000u\000c\000t\000o\000r\000\040\000\046\000\040\000D\000e\000s\000t\000r\000u\000c\000t\000o\000r\000\040\000D\000o\000c\000u\000m\000e\000n\000t\000a\000t\000i\000o\000n}{section.9.9}% 104
\BOOKMARK [3][-]{subsubsection.9.9.2.1}{\376\377\0009\000.\0009\000.\0002\000.\0001\000\040\000T\000O\000p\000t\000i\000o\000n\000a\000l\000\050\000\051\000\040\000[\0001\000/\0004\000]}{subsection.9.9.2}% 105
\BOOKMARK [3][-]{subsubsection.9.9.2.2}{\376\377\0009\000.\0009\000.\0002\000.\0002\000\040\000T\000O\000p\000t\000i\000o\000n\000a\000l\000\050\000\051\000\040\000[\0002\000/\0004\000]}{subsection.9.9.2}% 106
\BOOKMARK [3][-]{subsubsection.9.9.2.3}{\376\377\0009\000.\0009\000.\0002\000.\0003\000\040\000T\000O\000p\000t\000i\000o\000n\000a\000l\000\050\000\051\000\040\000[\0003\000/\0004\000]}{subsection.9.9.2}% 107
\BOOKMARK [3][-]{subsubsection.9.9.2.4}{\376\377\0009\000.\0009\000.\0002\000.\0004\000\040\000T\000O\000p\000t\000i\000o\000n\000a\000l\000\050\000\051\000\040\000[\0004\000/\0004\000]}{subsection.9.9.2}% 108
\BOOKMARK [3][-]{subsubsection.9.9.2.5}{\376\377\0009\000.\0009\000.\0002\000.\0005\000\040\000\040\000T\000O\000p\000t\000i\000o\000n\000a\000l\000\050\000\051}{subsection.9.9.2}% 109
\BOOKMARK [2][-]{subsection.9.9.3}{\376\377\0009\000.\0009\000.\0003\000\040\000M\000e\000m\000b\000e\000r\000\040\000F\000u\000n\000c\000t\000i\000o\000n\000\040\000D\000o\000c\000u\000m\000e\000n\000t\000a\000t\000i\000o\000n}{section.9.9}% 110
\BOOKMARK [3][-]{subsubsection.9.9.3.1}{\376\377\0009\000.\0009\000.\0003\000.\0001\000\040\000S\000e\000t\000V\000a\000l\000u\000e\000\050\000\051}{subsection.9.9.3}% 111
\BOOKMARK [3][-]{subsubsection.9.9.3.2}{\376\377\0009\000.\0009\000.\0003\000.\0002\000\040\000C\000l\000e\000a\000r\000\050\000\051}{subsection.9.9.3}% 112
\BOOKMARK [3][-]{subsubsection.9.9.3.3}{\376\377\0009\000.\0009\000.\0003\000.\0003\000\040\000o\000p\000e\000r\000a\000t\000o\000r\000=\000\050\000\051\000\040\000[\0001\000/\0003\000]}{subsection.9.9.3}% 113
\BOOKMARK [3][-]{subsubsection.9.9.3.4}{\376\377\0009\000.\0009\000.\0003\000.\0004\000\040\000o\000p\000e\000r\000a\000t\000o\000r\000=\000\050\000\051\000\040\000[\0002\000/\0003\000]}{subsection.9.9.3}% 114
\BOOKMARK [3][-]{subsubsection.9.9.3.5}{\376\377\0009\000.\0009\000.\0003\000.\0005\000\040\000o\000p\000e\000r\000a\000t\000o\000r\000=\000\050\000\051\000\040\000[\0003\000/\0003\000]}{subsection.9.9.3}% 115
\BOOKMARK [3][-]{subsubsection.9.9.3.6}{\376\377\0009\000.\0009\000.\0003\000.\0006\000\040\000S\000w\000a\000p\000\050\000\051}{subsection.9.9.3}% 116
\BOOKMARK [3][-]{subsubsection.9.9.3.7}{\376\377\0009\000.\0009\000.\0003\000.\0007\000\040\000o\000p\000e\000r\000a\000t\000o\000r\000=\000=\000\050\000\051}{subsection.9.9.3}% 117
\BOOKMARK [3][-]{subsubsection.9.9.3.8}{\376\377\0009\000.\0009\000.\0003\000.\0008\000\040\000D\000o\000e\000s\000V\000a\000l\000u\000e\000E\000x\000i\000s\000t\000\050\000\051}{subsection.9.9.3}% 118
\BOOKMARK [3][-]{subsubsection.9.9.3.9}{\376\377\0009\000.\0009\000.\0003\000.\0009\000\040\000G\000e\000t\000V\000a\000l\000u\000e\000\050\000\051}{subsection.9.9.3}% 119
\BOOKMARK [3][-]{subsubsection.9.9.3.10}{\376\377\0009\000.\0009\000.\0003\000.\0001\0000\000\040\000G\000e\000t\000V\000a\000l\000u\000e\000O\000r\000\050\000\051}{subsection.9.9.3}% 120
\BOOKMARK [1][-]{section.9.10}{\376\377\0009\000.\0001\0000\000\040\000C\000o\000m\000m\000o\000n\000:\000:\000T\000P\000a\000i\000r\000<\000\040\000T\0001\000,\000\040\000T\0002\000\040\000>\000\040\000C\000l\000a\000s\000s\000\040\000T\000e\000m\000p\000l\000a\000t\000e\000\040\000R\000e\000f\000e\000r\000e\000n\000c\000e}{chapter.9}% 121
\BOOKMARK [2][-]{subsection.9.10.1}{\376\377\0009\000.\0001\0000\000.\0001\000\040\000D\000e\000t\000a\000i\000l\000e\000d\000\040\000D\000e\000s\000c\000r\000i\000p\000t\000i\000o\000n}{section.9.10}% 122
\BOOKMARK [2][-]{subsection.9.10.2}{\376\377\0009\000.\0001\0000\000.\0002\000\040\000C\000o\000n\000s\000t\000r\000u\000c\000t\000o\000r\000\040\000\046\000\040\000D\000e\000s\000t\000r\000u\000c\000t\000o\000r\000\040\000D\000o\000c\000u\000m\000e\000n\000t\000a\000t\000i\000o\000n}{section.9.10}% 123
\BOOKMARK [3][-]{subsubsection.9.10.2.1}{\376\377\0009\000.\0001\0000\000.\0002\000.\0001\000\040\000T\000P\000a\000i\000r\000\050\000\051\000\040\000[\0001\000/\0002\000]}{subsection.9.10.2}% 124
\BOOKMARK [3][-]{subsubsection.9.10.2.2}{\376\377\0009\000.\0001\0000\000.\0002\000.\0002\000\040\000T\000P\000a\000i\000r\000\050\000\051\000\040\000[\0002\000/\0002\000]}{subsection.9.10.2}% 125
\BOOKMARK [2][-]{subsection.9.10.3}{\376\377\0009\000.\0001\0000\000.\0003\000\040\000M\000e\000m\000b\000e\000r\000\040\000F\000u\000n\000c\000t\000i\000o\000n\000\040\000D\000o\000c\000u\000m\000e\000n\000t\000a\000t\000i\000o\000n}{section.9.10}% 126
\BOOKMARK [3][-]{subsubsection.9.10.3.1}{\376\377\0009\000.\0001\0000\000.\0003\000.\0001\000\040\000M\000a\000k\000e\000P\000a\000i\000r\000\050\000\051}{subsection.9.10.3}% 127
\BOOKMARK [2][-]{subsection.9.10.4}{\376\377\0009\000.\0001\0000\000.\0004\000\040\000M\000e\000m\000b\000e\000r\000\040\000D\000a\000t\000a\000\040\000D\000o\000c\000u\000m\000e\000n\000t\000a\000t\000i\000o\000n}{section.9.10}% 128
\BOOKMARK [3][-]{subsubsection.9.10.4.1}{\376\377\0009\000.\0001\0000\000.\0004\000.\0001\000\040\000F\000i\000r\000s\000t}{subsection.9.10.4}% 129
\BOOKMARK [3][-]{subsubsection.9.10.4.2}{\376\377\0009\000.\0001\0000\000.\0004\000.\0002\000\040\000S\000e\000c\000o\000n\000d}{subsection.9.10.4}% 130
\BOOKMARK [1][-]{section.9.11}{\376\377\0009\000.\0001\0001\000\040\000C\000o\000m\000m\000o\000n\000:\000:\000I\000t\000e\000r\000a\000t\000o\000r\000s\000:\000:\000T\000R\000e\000v\000e\000r\000s\000e\000B\000l\000o\000c\000k\000I\000t\000e\000r\000a\000t\000o\000r\000<\000\040\000P\000t\000r\000T\000y\000p\000e\000,\000\040\000R\000e\000f\000T\000y\000p\000e\000\040\000>\000\040\000C\000l\000a\000s\000s\000\040\000T\000e\000m\000p\000l\000a\000t\000e\000\040\000R\000e\000f\000e\000r\000e\000n\000c\000e}{chapter.9}% 131
\BOOKMARK [2][-]{subsection.9.11.1}{\376\377\0009\000.\0001\0001\000.\0001\000\040\000C\000o\000n\000s\000t\000r\000u\000c\000t\000o\000r\000\040\000\046\000\040\000D\000e\000s\000t\000r\000u\000c\000t\000o\000r\000\040\000D\000o\000c\000u\000m\000e\000n\000t\000a\000t\000i\000o\000n}{section.9.11}% 132
\BOOKMARK [3][-]{subsubsection.9.11.1.1}{\376\377\0009\000.\0001\0001\000.\0001\000.\0001\000\040\000T\000R\000e\000v\000e\000r\000s\000e\000B\000l\000o\000c\000k\000I\000t\000e\000r\000a\000t\000o\000r\000\050\000\051\000\040\000[\0001\000/\0002\000]}{subsection.9.11.1}% 133
\BOOKMARK [3][-]{subsubsection.9.11.1.2}{\376\377\0009\000.\0001\0001\000.\0001\000.\0002\000\040\000T\000R\000e\000v\000e\000r\000s\000e\000B\000l\000o\000c\000k\000I\000t\000e\000r\000a\000t\000o\000r\000\050\000\051\000\040\000[\0002\000/\0002\000]}{subsection.9.11.1}% 134
\BOOKMARK [2][-]{subsection.9.11.2}{\376\377\0009\000.\0001\0001\000.\0002\000\040\000M\000e\000m\000b\000e\000r\000\040\000F\000u\000n\000c\000t\000i\000o\000n\000\040\000D\000o\000c\000u\000m\000e\000n\000t\000a\000t\000i\000o\000n}{section.9.11}% 135
\BOOKMARK [3][-]{subsubsection.9.11.2.1}{\376\377\0009\000.\0001\0001\000.\0002\000.\0001\000\040\000o\000p\000e\000r\000a\000t\000o\000r\000+\000+\000\050\000\051}{subsection.9.11.2}% 136
\BOOKMARK [3][-]{subsubsection.9.11.2.2}{\376\377\0009\000.\0001\0001\000.\0002\000.\0002\000\040\000o\000p\000e\000r\000a\000t\000o\000r\000+\000\050\000\051}{subsection.9.11.2}% 137
\BOOKMARK [3][-]{subsubsection.9.11.2.3}{\376\377\0009\000.\0001\0001\000.\0002\000.\0003\000\040\000o\000p\000e\000r\000a\000t\000o\000r\000+\000=\000\050\000\051}{subsection.9.11.2}% 138
\BOOKMARK [3][-]{subsubsection.9.11.2.4}{\376\377\0009\000.\0001\0001\000.\0002\000.\0004\000\040\000o\000p\000e\000r\000a\000t\000o\000r\040\023\000\050\000\051}{subsection.9.11.2}% 139
\BOOKMARK [3][-]{subsubsection.9.11.2.5}{\376\377\0009\000.\0001\0001\000.\0002\000.\0005\000\040\000o\000p\000e\000r\000a\000t\000o\000r\000-\000\050\000\051}{subsection.9.11.2}% 140
\BOOKMARK [3][-]{subsubsection.9.11.2.6}{\376\377\0009\000.\0001\0001\000.\0002\000.\0006\000\040\000o\000p\000e\000r\000a\000t\000o\000r\000-\000=\000\050\000\051}{subsection.9.11.2}% 141
\BOOKMARK [3][-]{subsubsection.9.11.2.7}{\376\377\0009\000.\0001\0001\000.\0002\000.\0007\000\040\000o\000p\000e\000r\000a\000t\000o\000r\000=\000=\000\050\000\051}{subsection.9.11.2}% 142
\BOOKMARK [3][-]{subsubsection.9.11.2.8}{\376\377\0009\000.\0001\0001\000.\0002\000.\0008\000\040\000o\000p\000e\000r\000a\000t\000o\000r\000!\000=\000\050\000\051}{subsection.9.11.2}% 143
\BOOKMARK [3][-]{subsubsection.9.11.2.9}{\376\377\0009\000.\0001\0001\000.\0002\000.\0009\000\040\000o\000p\000e\000r\000a\000t\000o\000r\000*\000\050\000\051}{subsection.9.11.2}% 144
\BOOKMARK [1][-]{section.9.12}{\376\377\0009\000.\0001\0002\000\040\000C\000o\000m\000m\000o\000n\000:\000:\000I\000t\000e\000r\000a\000t\000o\000r\000s\000:\000:\000T\000S\000a\000f\000e\000B\000l\000o\000c\000k\000I\000t\000e\000r\000a\000t\000o\000r\000<\000\040\000P\000t\000r\000T\000y\000p\000e\000,\000\040\000R\000e\000f\000T\000y\000p\000e\000,\000\040\000C\000o\000n\000t\000T\000y\000p\000e\000\040\000>\000\040\000C\000l\000a\000s\000s\000\040\000T\000e\000m\000p\000l\000a\000t\000e\000\040\000R\000e\000f\000e\000r\000e\000n\000c\000e}{chapter.9}% 145
\BOOKMARK [2][-]{subsection.9.12.1}{\376\377\0009\000.\0001\0002\000.\0001\000\040\000C\000o\000n\000s\000t\000r\000u\000c\000t\000o\000r\000\040\000\046\000\040\000D\000e\000s\000t\000r\000u\000c\000t\000o\000r\000\040\000D\000o\000c\000u\000m\000e\000n\000t\000a\000t\000i\000o\000n}{section.9.12}% 146
\BOOKMARK [3][-]{subsubsection.9.12.1.1}{\376\377\0009\000.\0001\0002\000.\0001\000.\0001\000\040\000T\000S\000a\000f\000e\000B\000l\000o\000c\000k\000I\000t\000e\000r\000a\000t\000o\000r\000\050\000\051}{subsection.9.12.1}% 147
\BOOKMARK [2][-]{subsection.9.12.2}{\376\377\0009\000.\0001\0002\000.\0002\000\040\000M\000e\000m\000b\000e\000r\000\040\000F\000u\000n\000c\000t\000i\000o\000n\000\040\000D\000o\000c\000u\000m\000e\000n\000t\000a\000t\000i\000o\000n}{section.9.12}% 148
\BOOKMARK [3][-]{subsubsection.9.12.2.1}{\376\377\0009\000.\0001\0002\000.\0002\000.\0001\000\040\000o\000p\000e\000r\000a\000t\000o\000r\000+\000+\000\050\000\051}{subsection.9.12.2}% 149
\BOOKMARK [3][-]{subsubsection.9.12.2.2}{\376\377\0009\000.\0001\0002\000.\0002\000.\0002\000\040\000o\000p\000e\000r\000a\000t\000o\000r\000+\000\050\000\051}{subsection.9.12.2}% 150
\BOOKMARK [3][-]{subsubsection.9.12.2.3}{\376\377\0009\000.\0001\0002\000.\0002\000.\0003\000\040\000o\000p\000e\000r\000a\000t\000o\000r\000+\000=\000\050\000\051}{subsection.9.12.2}% 151
\BOOKMARK [3][-]{subsubsection.9.12.2.4}{\376\377\0009\000.\0001\0002\000.\0002\000.\0004\000\040\000o\000p\000e\000r\000a\000t\000o\000r\040\023\000\050\000\051}{subsection.9.12.2}% 152
\BOOKMARK [3][-]{subsubsection.9.12.2.5}{\376\377\0009\000.\0001\0002\000.\0002\000.\0005\000\040\000o\000p\000e\000r\000a\000t\000o\000r\000-\000\050\000\051}{subsection.9.12.2}% 153
\BOOKMARK [3][-]{subsubsection.9.12.2.6}{\376\377\0009\000.\0001\0002\000.\0002\000.\0006\000\040\000o\000p\000e\000r\000a\000t\000o\000r\000-\000=\000\050\000\051}{subsection.9.12.2}% 154
\BOOKMARK [3][-]{subsubsection.9.12.2.7}{\376\377\0009\000.\0001\0002\000.\0002\000.\0007\000\040\000o\000p\000e\000r\000a\000t\000o\000r\000=\000=\000\050\000\051}{subsection.9.12.2}% 155
\BOOKMARK [3][-]{subsubsection.9.12.2.8}{\376\377\0009\000.\0001\0002\000.\0002\000.\0008\000\040\000o\000p\000e\000r\000a\000t\000o\000r\000!\000=\000\050\000\051}{subsection.9.12.2}% 156
\BOOKMARK [3][-]{subsubsection.9.12.2.9}{\376\377\0009\000.\0001\0002\000.\0002\000.\0009\000\040\000o\000p\000e\000r\000a\000t\000o\000r\000*\000\050\000\051}{subsection.9.12.2}% 157
\BOOKMARK [1][-]{section.9.13}{\376\377\0009\000.\0001\0003\000\040\000C\000o\000m\000m\000o\000n\000:\000:\000I\000t\000e\000r\000a\000t\000o\000r\000s\000:\000:\000T\000S\000a\000f\000e\000R\000e\000v\000e\000r\000s\000e\000B\000l\000o\000c\000k\000I\000t\000e\000r\000a\000t\000o\000r\000<\000\040\000P\000t\000r\000T\000y\000p\000e\000,\000\040\000R\000e\000f\000T\000y\000p\000e\000,\000\040\000C\000o\000n\000t\000T\000y\000p\000e\000\040\000>\000\040\000C\000l\000a\000s\000s\000\040\000T\000e\000m\000p\000l\000a\000t\000e\000\040\000R\000e\000f\000e\000r\000e\000n\000c\000e}{chapter.9}% 158
\BOOKMARK [2][-]{subsection.9.13.1}{\376\377\0009\000.\0001\0003\000.\0001\000\040\000C\000o\000n\000s\000t\000r\000u\000c\000t\000o\000r\000\040\000\046\000\040\000D\000e\000s\000t\000r\000u\000c\000t\000o\000r\000\040\000D\000o\000c\000u\000m\000e\000n\000t\000a\000t\000i\000o\000n}{section.9.13}% 159
\BOOKMARK [3][-]{subsubsection.9.13.1.1}{\376\377\0009\000.\0001\0003\000.\0001\000.\0001\000\040\000T\000S\000a\000f\000e\000R\000e\000v\000e\000r\000s\000e\000B\000l\000o\000c\000k\000I\000t\000e\000r\000a\000t\000o\000r\000\050\000\051}{subsection.9.13.1}% 160
\BOOKMARK [2][-]{subsection.9.13.2}{\376\377\0009\000.\0001\0003\000.\0002\000\040\000M\000e\000m\000b\000e\000r\000\040\000F\000u\000n\000c\000t\000i\000o\000n\000\040\000D\000o\000c\000u\000m\000e\000n\000t\000a\000t\000i\000o\000n}{section.9.13}% 161
\BOOKMARK [3][-]{subsubsection.9.13.2.1}{\376\377\0009\000.\0001\0003\000.\0002\000.\0001\000\040\000o\000p\000e\000r\000a\000t\000o\000r\000+\000+\000\050\000\051}{subsection.9.13.2}% 162
\BOOKMARK [3][-]{subsubsection.9.13.2.2}{\376\377\0009\000.\0001\0003\000.\0002\000.\0002\000\040\000o\000p\000e\000r\000a\000t\000o\000r\000+\000\050\000\051}{subsection.9.13.2}% 163
\BOOKMARK [3][-]{subsubsection.9.13.2.3}{\376\377\0009\000.\0001\0003\000.\0002\000.\0003\000\040\000o\000p\000e\000r\000a\000t\000o\000r\000+\000=\000\050\000\051}{subsection.9.13.2}% 164
\BOOKMARK [3][-]{subsubsection.9.13.2.4}{\376\377\0009\000.\0001\0003\000.\0002\000.\0004\000\040\000o\000p\000e\000r\000a\000t\000o\000r\040\023\000\050\000\051}{subsection.9.13.2}% 165
\BOOKMARK [3][-]{subsubsection.9.13.2.5}{\376\377\0009\000.\0001\0003\000.\0002\000.\0005\000\040\000o\000p\000e\000r\000a\000t\000o\000r\000-\000\050\000\051}{subsection.9.13.2}% 166
\BOOKMARK [3][-]{subsubsection.9.13.2.6}{\376\377\0009\000.\0001\0003\000.\0002\000.\0006\000\040\000o\000p\000e\000r\000a\000t\000o\000r\000-\000=\000\050\000\051}{subsection.9.13.2}% 167
\BOOKMARK [3][-]{subsubsection.9.13.2.7}{\376\377\0009\000.\0001\0003\000.\0002\000.\0007\000\040\000o\000p\000e\000r\000a\000t\000o\000r\000=\000=\000\050\000\051}{subsection.9.13.2}% 168
\BOOKMARK [3][-]{subsubsection.9.13.2.8}{\376\377\0009\000.\0001\0003\000.\0002\000.\0008\000\040\000o\000p\000e\000r\000a\000t\000o\000r\000!\000=\000\050\000\051}{subsection.9.13.2}% 169
\BOOKMARK [3][-]{subsubsection.9.13.2.9}{\376\377\0009\000.\0001\0003\000.\0002\000.\0009\000\040\000o\000p\000e\000r\000a\000t\000o\000r\000*\000\050\000\051}{subsection.9.13.2}% 170
\BOOKMARK [1][-]{section.9.14}{\376\377\0009\000.\0001\0004\000\040\000C\000o\000m\000m\000o\000n\000:\000:\000T\000V\000e\000c\000t\000o\000r\000<\000\040\000T\000\040\000>\000\040\000C\000l\000a\000s\000s\000\040\000T\000e\000m\000p\000l\000a\000t\000e\000\040\000R\000e\000f\000e\000r\000e\000n\000c\000e}{chapter.9}% 171
\BOOKMARK [2][-]{subsection.9.14.1}{\376\377\0009\000.\0001\0004\000.\0001\000\040\000D\000e\000t\000a\000i\000l\000e\000d\000\040\000D\000e\000s\000c\000r\000i\000p\000t\000i\000o\000n}{section.9.14}% 172
\BOOKMARK [2][-]{subsection.9.14.2}{\376\377\0009\000.\0001\0004\000.\0002\000\040\000M\000e\000m\000b\000e\000r\000\040\000T\000y\000p\000e\000d\000e\000f\000\040\000D\000o\000c\000u\000m\000e\000n\000t\000a\000t\000i\000o\000n}{section.9.14}% 173
\BOOKMARK [3][-]{subsubsection.9.14.2.1}{\376\377\0009\000.\0001\0004\000.\0002\000.\0001\000\040\000v\000a\000l\000u\000e\000\137\000t\000y\000p\000e}{subsection.9.14.2}% 174
\BOOKMARK [3][-]{subsubsection.9.14.2.2}{\376\377\0009\000.\0001\0004\000.\0002\000.\0002\000\040\000C\000I\000t\000e\000r\000a\000t\000o\000r}{subsection.9.14.2}% 175
\BOOKMARK [3][-]{subsubsection.9.14.2.3}{\376\377\0009\000.\0001\0004\000.\0002\000.\0003\000\040\000C\000C\000o\000n\000s\000t\000I\000t\000e\000r\000a\000t\000o\000r}{subsection.9.14.2}% 176
\BOOKMARK [3][-]{subsubsection.9.14.2.4}{\376\377\0009\000.\0001\0004\000.\0002\000.\0004\000\040\000C\000R\000e\000v\000e\000r\000s\000e\000I\000t\000e\000r\000a\000t\000o\000r}{subsection.9.14.2}% 177
\BOOKMARK [3][-]{subsubsection.9.14.2.5}{\376\377\0009\000.\0001\0004\000.\0002\000.\0005\000\040\000C\000C\000o\000n\000s\000t\000R\000e\000v\000e\000r\000s\000e\000I\000t\000e\000r\000a\000t\000o\000r}{subsection.9.14.2}% 178
\BOOKMARK [3][-]{subsubsection.9.14.2.6}{\376\377\0009\000.\0001\0004\000.\0002\000.\0006\000\040\000C\000S\000a\000f\000e\000I\000t\000e\000r\000a\000t\000o\000r}{subsection.9.14.2}% 179
\BOOKMARK [3][-]{subsubsection.9.14.2.7}{\376\377\0009\000.\0001\0004\000.\0002\000.\0007\000\040\000C\000S\000a\000f\000e\000C\000o\000n\000s\000t\000I\000t\000e\000r\000a\000t\000o\000r}{subsection.9.14.2}% 180
\BOOKMARK [3][-]{subsubsection.9.14.2.8}{\376\377\0009\000.\0001\0004\000.\0002\000.\0008\000\040\000C\000S\000a\000f\000e\000R\000e\000v\000e\000r\000s\000e\000I\000t\000e\000r\000a\000t\000o\000r}{subsection.9.14.2}% 181
\BOOKMARK [3][-]{subsubsection.9.14.2.9}{\376\377\0009\000.\0001\0004\000.\0002\000.\0009\000\040\000C\000S\000a\000f\000e\000C\000o\000n\000s\000t\000R\000e\000v\000e\000r\000s\000e\000I\000t\000e\000r\000a\000t\000o\000r}{subsection.9.14.2}% 182
\BOOKMARK [2][-]{subsection.9.14.3}{\376\377\0009\000.\0001\0004\000.\0003\000\040\000M\000e\000m\000b\000e\000r\000\040\000E\000n\000u\000m\000e\000r\000a\000t\000i\000o\000n\000\040\000D\000o\000c\000u\000m\000e\000n\000t\000a\000t\000i\000o\000n}{section.9.14}% 183
\BOOKMARK [3][-]{subsubsection.9.14.3.1}{\376\377\0009\000.\0001\0004\000.\0003\000.\0001\000\040\000E\000R\000e\000s\000e\000r\000v\000e\000d\000C\000a\000p\000a\000c\000i\000t\000y\000R\000u\000l\000e}{subsection.9.14.3}% 184
\BOOKMARK [3][-]{subsubsection.9.14.3.2}{\376\377\0009\000.\0001\0004\000.\0003\000.\0002\000\040\000E\000S\000h\000r\000i\000n\000k\000B\000e\000h\000a\000v\000i\000o\000r}{subsection.9.14.3}% 185
\BOOKMARK [2][-]{subsection.9.14.4}{\376\377\0009\000.\0001\0004\000.\0004\000\040\000C\000o\000n\000s\000t\000r\000u\000c\000t\000o\000r\000\040\000\046\000\040\000D\000e\000s\000t\000r\000u\000c\000t\000o\000r\000\040\000D\000o\000c\000u\000m\000e\000n\000t\000a\000t\000i\000o\000n}{section.9.14}% 186
\BOOKMARK [3][-]{subsubsection.9.14.4.1}{\376\377\0009\000.\0001\0004\000.\0004\000.\0001\000\040\000T\000V\000e\000c\000t\000o\000r\000\050\000\051\000\040\000[\0001\000/\0007\000]}{subsection.9.14.4}% 187
\BOOKMARK [3][-]{subsubsection.9.14.4.2}{\376\377\0009\000.\0001\0004\000.\0004\000.\0002\000\040\000T\000V\000e\000c\000t\000o\000r\000\050\000\051\000\040\000[\0002\000/\0007\000]}{subsection.9.14.4}% 188
\BOOKMARK [3][-]{subsubsection.9.14.4.3}{\376\377\0009\000.\0001\0004\000.\0004\000.\0003\000\040\000T\000V\000e\000c\000t\000o\000r\000\050\000\051\000\040\000[\0003\000/\0007\000]}{subsection.9.14.4}% 189
\BOOKMARK [3][-]{subsubsection.9.14.4.4}{\376\377\0009\000.\0001\0004\000.\0004\000.\0004\000\040\000T\000V\000e\000c\000t\000o\000r\000\050\000\051\000\040\000[\0004\000/\0007\000]}{subsection.9.14.4}% 190
\BOOKMARK [3][-]{subsubsection.9.14.4.5}{\376\377\0009\000.\0001\0004\000.\0004\000.\0005\000\040\000T\000V\000e\000c\000t\000o\000r\000\050\000\051\000\040\000[\0005\000/\0007\000]}{subsection.9.14.4}% 191
\BOOKMARK [3][-]{subsubsection.9.14.4.6}{\376\377\0009\000.\0001\0004\000.\0004\000.\0006\000\040\000T\000V\000e\000c\000t\000o\000r\000\050\000\051\000\040\000[\0006\000/\0007\000]}{subsection.9.14.4}% 192
\BOOKMARK [3][-]{subsubsection.9.14.4.7}{\376\377\0009\000.\0001\0004\000.\0004\000.\0007\000\040\000T\000V\000e\000c\000t\000o\000r\000\050\000\051\000\040\000[\0007\000/\0007\000]}{subsection.9.14.4}% 193
\BOOKMARK [3][-]{subsubsection.9.14.4.8}{\376\377\0009\000.\0001\0004\000.\0004\000.\0008\000\040\000\040\000T\000V\000e\000c\000t\000o\000r\000\050\000\051}{subsection.9.14.4}% 194
\BOOKMARK [2][-]{subsection.9.14.5}{\376\377\0009\000.\0001\0004\000.\0005\000\040\000M\000e\000m\000b\000e\000r\000\040\000F\000u\000n\000c\000t\000i\000o\000n\000\040\000D\000o\000c\000u\000m\000e\000n\000t\000a\000t\000i\000o\000n}{section.9.14}% 195
\BOOKMARK [3][-]{subsubsection.9.14.5.1}{\376\377\0009\000.\0001\0004\000.\0005\000.\0001\000\040\000A\000s\000s\000i\000g\000n\000\050\000\051}{subsection.9.14.5}% 196
\BOOKMARK [3][-]{subsubsection.9.14.5.2}{\376\377\0009\000.\0001\0004\000.\0005\000.\0002\000\040\000o\000p\000e\000r\000a\000t\000o\000r\000=\000\050\000\051\000\040\000[\0001\000/\0003\000]}{subsection.9.14.5}% 197
\BOOKMARK [3][-]{subsubsection.9.14.5.3}{\376\377\0009\000.\0001\0004\000.\0005\000.\0003\000\040\000o\000p\000e\000r\000a\000t\000o\000r\000=\000\050\000\051\000\040\000[\0002\000/\0003\000]}{subsection.9.14.5}% 198
\BOOKMARK [3][-]{subsubsection.9.14.5.4}{\376\377\0009\000.\0001\0004\000.\0005\000.\0004\000\040\000o\000p\000e\000r\000a\000t\000o\000r\000=\000\050\000\051\000\040\000[\0003\000/\0003\000]}{subsection.9.14.5}% 199
\BOOKMARK [3][-]{subsubsection.9.14.5.5}{\376\377\0009\000.\0001\0004\000.\0005\000.\0005\000\040\000o\000p\000e\000r\000a\000t\000o\000r\000[\000]\000\050\000\051\000\040\000[\0001\000/\0002\000]}{subsection.9.14.5}% 200
\BOOKMARK [3][-]{subsubsection.9.14.5.6}{\376\377\0009\000.\0001\0004\000.\0005\000.\0006\000\040\000o\000p\000e\000r\000a\000t\000o\000r\000[\000]\000\050\000\051\000\040\000[\0002\000/\0002\000]}{subsection.9.14.5}% 201
\BOOKMARK [3][-]{subsubsection.9.14.5.7}{\376\377\0009\000.\0001\0004\000.\0005\000.\0007\000\040\000S\000a\000f\000e\000A\000t\000\050\000\051\000\040\000[\0001\000/\0002\000]}{subsection.9.14.5}% 202
\BOOKMARK [3][-]{subsubsection.9.14.5.8}{\376\377\0009\000.\0001\0004\000.\0005\000.\0008\000\040\000S\000a\000f\000e\000A\000t\000\050\000\051\000\040\000[\0002\000/\0002\000]}{subsection.9.14.5}% 203
\BOOKMARK [3][-]{subsubsection.9.14.5.9}{\376\377\0009\000.\0001\0004\000.\0005\000.\0009\000\040\000A\000u\000t\000o\000A\000t\000\050\000\051}{subsection.9.14.5}% 204
\BOOKMARK [3][-]{subsubsection.9.14.5.10}{\376\377\0009\000.\0001\0004\000.\0005\000.\0001\0000\000\040\000R\000a\000w\000D\000a\000t\000a\000\050\000\051\000\040\000[\0001\000/\0002\000]}{subsection.9.14.5}% 205
\BOOKMARK [3][-]{subsubsection.9.14.5.11}{\376\377\0009\000.\0001\0004\000.\0005\000.\0001\0001\000\040\000R\000a\000w\000D\000a\000t\000a\000\050\000\051\000\040\000[\0002\000/\0002\000]}{subsection.9.14.5}% 206
\BOOKMARK [3][-]{subsubsection.9.14.5.12}{\376\377\0009\000.\0001\0004\000.\0005\000.\0001\0002\000\040\000o\000p\000e\000r\000a\000t\000o\000r\000=\000=\000\050\000\051}{subsection.9.14.5}% 207
\BOOKMARK [3][-]{subsubsection.9.14.5.13}{\376\377\0009\000.\0001\0004\000.\0005\000.\0001\0003\000\040\000o\000p\000e\000r\000a\000t\000o\000r\000!\000=\000\050\000\051}{subsection.9.14.5}% 208
\BOOKMARK [3][-]{subsubsection.9.14.5.14}{\376\377\0009\000.\0001\0004\000.\0005\000.\0001\0004\000\040\000o\000p\000e\000r\000a\000t\000o\000r\000+\000=\000\050\000\051}{subsection.9.14.5}% 209
\BOOKMARK [3][-]{subsubsection.9.14.5.15}{\376\377\0009\000.\0001\0004\000.\0005\000.\0001\0005\000\040\000o\000p\000e\000r\000a\000t\000o\000r\000+\000\050\000\051}{subsection.9.14.5}% 210
\BOOKMARK [3][-]{subsubsection.9.14.5.16}{\376\377\0009\000.\0001\0004\000.\0005\000.\0001\0006\000\040\000P\000u\000s\000h\000\050\000\051\000\040\000[\0001\000/\0002\000]}{subsection.9.14.5}% 211
\BOOKMARK [3][-]{subsubsection.9.14.5.17}{\376\377\0009\000.\0001\0004\000.\0005\000.\0001\0007\000\040\000P\000u\000s\000h\000\050\000\051\000\040\000[\0002\000/\0002\000]}{subsection.9.14.5}% 212
\BOOKMARK [3][-]{subsubsection.9.14.5.18}{\376\377\0009\000.\0001\0004\000.\0005\000.\0001\0008\000\040\000I\000n\000s\000e\000r\000t\000\050\000\051\000\040\000[\0001\000/\0002\000]}{subsection.9.14.5}% 213
\BOOKMARK [3][-]{subsubsection.9.14.5.19}{\376\377\0009\000.\0001\0004\000.\0005\000.\0001\0009\000\040\000S\000a\000f\000e\000I\000n\000s\000e\000r\000t\000\050\000\051\000\040\000[\0001\000/\0002\000]}{subsection.9.14.5}% 214
\BOOKMARK [3][-]{subsubsection.9.14.5.20}{\376\377\0009\000.\0001\0004\000.\0005\000.\0002\0000\000\040\000A\000u\000t\000o\000I\000n\000s\000e\000r\000t\000\050\000\051\000\040\000[\0001\000/\0002\000]}{subsection.9.14.5}% 215
\BOOKMARK [3][-]{subsubsection.9.14.5.21}{\376\377\0009\000.\0001\0004\000.\0005\000.\0002\0001\000\040\000I\000n\000s\000e\000r\000t\000\050\000\051\000\040\000[\0002\000/\0002\000]}{subsection.9.14.5}% 216
\BOOKMARK [3][-]{subsubsection.9.14.5.22}{\376\377\0009\000.\0001\0004\000.\0005\000.\0002\0002\000\040\000S\000a\000f\000e\000I\000n\000s\000e\000r\000t\000\050\000\051\000\040\000[\0002\000/\0002\000]}{subsection.9.14.5}% 217
\BOOKMARK [3][-]{subsubsection.9.14.5.23}{\376\377\0009\000.\0001\0004\000.\0005\000.\0002\0003\000\040\000A\000u\000t\000o\000I\000n\000s\000e\000r\000t\000\050\000\051\000\040\000[\0002\000/\0002\000]}{subsection.9.14.5}% 218
\BOOKMARK [3][-]{subsubsection.9.14.5.24}{\376\377\0009\000.\0001\0004\000.\0005\000.\0002\0004\000\040\000P\000o\000p\000\050\000\051}{subsection.9.14.5}% 219
\BOOKMARK [3][-]{subsubsection.9.14.5.25}{\376\377\0009\000.\0001\0004\000.\0005\000.\0002\0005\000\040\000S\000a\000f\000e\000P\000o\000p\000\050\000\051}{subsection.9.14.5}% 220
\BOOKMARK [3][-]{subsubsection.9.14.5.26}{\376\377\0009\000.\0001\0004\000.\0005\000.\0002\0006\000\040\000S\000a\000f\000e\000P\000o\000p\000G\000e\000t\000\050\000\051}{subsection.9.14.5}% 221
\BOOKMARK [3][-]{subsubsection.9.14.5.27}{\376\377\0009\000.\0001\0004\000.\0005\000.\0002\0007\000\040\000P\000o\000p\000M\000u\000l\000t\000i\000p\000l\000e\000\050\000\051}{subsection.9.14.5}% 222
\BOOKMARK [3][-]{subsubsection.9.14.5.28}{\376\377\0009\000.\0001\0004\000.\0005\000.\0002\0008\000\040\000S\000h\000i\000f\000t\000\050\000\051}{subsection.9.14.5}% 223
\BOOKMARK [3][-]{subsubsection.9.14.5.29}{\376\377\0009\000.\0001\0004\000.\0005\000.\0002\0009\000\040\000S\000a\000f\000e\000S\000h\000i\000f\000t\000\050\000\051}{subsection.9.14.5}% 224
\BOOKMARK [3][-]{subsubsection.9.14.5.30}{\376\377\0009\000.\0001\0004\000.\0005\000.\0003\0000\000\040\000S\000a\000f\000e\000S\000h\000i\000f\000t\000G\000e\000t\000\050\000\051}{subsection.9.14.5}% 225
\BOOKMARK [3][-]{subsubsection.9.14.5.31}{\376\377\0009\000.\0001\0004\000.\0005\000.\0003\0001\000\040\000S\000h\000i\000f\000t\000M\000u\000l\000t\000i\000p\000l\000e\000\050\000\051}{subsection.9.14.5}% 226
\BOOKMARK [3][-]{subsubsection.9.14.5.32}{\376\377\0009\000.\0001\0004\000.\0005\000.\0003\0002\000\040\000E\000r\000a\000s\000e\000\050\000\051}{subsection.9.14.5}% 227
\BOOKMARK [3][-]{subsubsection.9.14.5.33}{\376\377\0009\000.\0001\0004\000.\0005\000.\0003\0003\000\040\000S\000a\000f\000e\000E\000r\000a\000s\000e\000\050\000\051}{subsection.9.14.5}% 228
\BOOKMARK [3][-]{subsubsection.9.14.5.34}{\376\377\0009\000.\0001\0004\000.\0005\000.\0003\0004\000\040\000S\000a\000f\000e\000E\000r\000a\000s\000e\000G\000e\000t\000\050\000\051}{subsection.9.14.5}% 229
\BOOKMARK [3][-]{subsubsection.9.14.5.35}{\376\377\0009\000.\0001\0004\000.\0005\000.\0003\0005\000\040\000E\000r\000a\000s\000e\000M\000u\000l\000t\000i\000p\000l\000e\000\050\000\051}{subsection.9.14.5}% 230
\BOOKMARK [3][-]{subsubsection.9.14.5.36}{\376\377\0009\000.\0001\0004\000.\0005\000.\0003\0006\000\040\000R\000e\000s\000e\000r\000v\000e\000\050\000\051}{subsection.9.14.5}% 231
\BOOKMARK [3][-]{subsubsection.9.14.5.37}{\376\377\0009\000.\0001\0004\000.\0005\000.\0003\0007\000\040\000R\000e\000s\000i\000z\000e\000\050\000\051}{subsection.9.14.5}% 232
\BOOKMARK [3][-]{subsubsection.9.14.5.38}{\376\377\0009\000.\0001\0004\000.\0005\000.\0003\0008\000\040\000S\000w\000a\000p\000\050\000\051}{subsection.9.14.5}% 233
\BOOKMARK [3][-]{subsubsection.9.14.5.39}{\376\377\0009\000.\0001\0004\000.\0005\000.\0003\0009\000\040\000S\000h\000r\000i\000n\000k\000T\000o\000F\000i\000t\000\050\000\051}{subsection.9.14.5}% 234
\BOOKMARK [3][-]{subsubsection.9.14.5.40}{\376\377\0009\000.\0001\0004\000.\0005\000.\0004\0000\000\040\000C\000l\000e\000a\000r\000\050\000\051}{subsection.9.14.5}% 235
\BOOKMARK [3][-]{subsubsection.9.14.5.41}{\376\377\0009\000.\0001\0004\000.\0005\000.\0004\0001\000\040\000G\000e\000t\000S\000i\000z\000e\000\050\000\051}{subsection.9.14.5}% 236
\BOOKMARK [3][-]{subsubsection.9.14.5.42}{\376\377\0009\000.\0001\0004\000.\0005\000.\0004\0002\000\040\000G\000e\000t\000C\000a\000p\000a\000c\000i\000t\000y\000\050\000\051}{subsection.9.14.5}% 237
\BOOKMARK [3][-]{subsubsection.9.14.5.43}{\376\377\0009\000.\0001\0004\000.\0005\000.\0004\0003\000\040\000I\000s\000E\000m\000p\000t\000y\000\050\000\051}{subsection.9.14.5}% 238
\BOOKMARK [3][-]{subsubsection.9.14.5.44}{\376\377\0009\000.\0001\0004\000.\0005\000.\0004\0004\000\040\000S\000e\000t\000C\000a\000p\000a\000c\000i\000t\000y\000R\000u\000l\000e\000\050\000\051}{subsection.9.14.5}% 239
\BOOKMARK [3][-]{subsubsection.9.14.5.45}{\376\377\0009\000.\0001\0004\000.\0005\000.\0004\0005\000\040\000G\000e\000t\000C\000a\000p\000a\000c\000i\000t\000y\000R\000u\000l\000e\000\050\000\051}{subsection.9.14.5}% 240
\BOOKMARK [3][-]{subsubsection.9.14.5.46}{\376\377\0009\000.\0001\0004\000.\0005\000.\0004\0006\000\040\000F\000r\000o\000n\000t\000\050\000\051\000\040\000[\0001\000/\0002\000]}{subsection.9.14.5}% 241
\BOOKMARK [3][-]{subsubsection.9.14.5.47}{\376\377\0009\000.\0001\0004\000.\0005\000.\0004\0007\000\040\000F\000r\000o\000n\000t\000\050\000\051\000\040\000[\0002\000/\0002\000]}{subsection.9.14.5}% 242
\BOOKMARK [3][-]{subsubsection.9.14.5.48}{\376\377\0009\000.\0001\0004\000.\0005\000.\0004\0008\000\040\000S\000a\000f\000e\000F\000r\000o\000n\000t\000\050\000\051\000\040\000[\0001\000/\0002\000]}{subsection.9.14.5}% 243
\BOOKMARK [3][-]{subsubsection.9.14.5.49}{\376\377\0009\000.\0001\0004\000.\0005\000.\0004\0009\000\040\000S\000a\000f\000e\000F\000r\000o\000n\000t\000\050\000\051\000\040\000[\0002\000/\0002\000]}{subsection.9.14.5}% 244
\BOOKMARK [3][-]{subsubsection.9.14.5.50}{\376\377\0009\000.\0001\0004\000.\0005\000.\0005\0000\000\040\000B\000a\000c\000k\000\050\000\051\000\040\000[\0001\000/\0002\000]}{subsection.9.14.5}% 245
\BOOKMARK [3][-]{subsubsection.9.14.5.51}{\376\377\0009\000.\0001\0004\000.\0005\000.\0005\0001\000\040\000B\000a\000c\000k\000\050\000\051\000\040\000[\0002\000/\0002\000]}{subsection.9.14.5}% 246
\BOOKMARK [3][-]{subsubsection.9.14.5.52}{\376\377\0009\000.\0001\0004\000.\0005\000.\0005\0002\000\040\000S\000a\000f\000e\000B\000a\000c\000k\000\050\000\051\000\040\000[\0001\000/\0002\000]}{subsection.9.14.5}% 247
\BOOKMARK [3][-]{subsubsection.9.14.5.53}{\376\377\0009\000.\0001\0004\000.\0005\000.\0005\0003\000\040\000S\000a\000f\000e\000B\000a\000c\000k\000\050\000\051\000\040\000[\0002\000/\0002\000]}{subsection.9.14.5}% 248
\BOOKMARK [3][-]{subsubsection.9.14.5.54}{\376\377\0009\000.\0001\0004\000.\0005\000.\0005\0004\000\040\000B\000e\000g\000i\000n\000\050\000\051}{subsection.9.14.5}% 249
\BOOKMARK [3][-]{subsubsection.9.14.5.55}{\376\377\0009\000.\0001\0004\000.\0005\000.\0005\0005\000\040\000C\000o\000n\000s\000t\000B\000e\000g\000i\000n\000\050\000\051}{subsection.9.14.5}% 250
\BOOKMARK [3][-]{subsubsection.9.14.5.56}{\376\377\0009\000.\0001\0004\000.\0005\000.\0005\0006\000\040\000R\000e\000v\000e\000r\000s\000e\000B\000e\000g\000i\000n\000\050\000\051}{subsection.9.14.5}% 251
\BOOKMARK [3][-]{subsubsection.9.14.5.57}{\376\377\0009\000.\0001\0004\000.\0005\000.\0005\0007\000\040\000C\000o\000n\000s\000t\000R\000e\000v\000e\000r\000s\000e\000B\000e\000g\000i\000n\000\050\000\051}{subsection.9.14.5}% 252
\BOOKMARK [3][-]{subsubsection.9.14.5.58}{\376\377\0009\000.\0001\0004\000.\0005\000.\0005\0008\000\040\000S\000a\000f\000e\000B\000e\000g\000i\000n\000\050\000\051}{subsection.9.14.5}% 253
\BOOKMARK [3][-]{subsubsection.9.14.5.59}{\376\377\0009\000.\0001\0004\000.\0005\000.\0005\0009\000\040\000S\000a\000f\000e\000C\000o\000n\000s\000t\000B\000e\000g\000i\000n\000\050\000\051}{subsection.9.14.5}% 254
\BOOKMARK [3][-]{subsubsection.9.14.5.60}{\376\377\0009\000.\0001\0004\000.\0005\000.\0006\0000\000\040\000S\000a\000f\000e\000R\000e\000v\000e\000r\000s\000e\000B\000e\000g\000i\000n\000\050\000\051}{subsection.9.14.5}% 255
\BOOKMARK [3][-]{subsubsection.9.14.5.61}{\376\377\0009\000.\0001\0004\000.\0005\000.\0006\0001\000\040\000S\000a\000f\000e\000C\000o\000n\000s\000t\000R\000e\000v\000e\000r\000s\000e\000B\000e\000g\000i\000n\000\050\000\051}{subsection.9.14.5}% 256
\BOOKMARK [3][-]{subsubsection.9.14.5.62}{\376\377\0009\000.\0001\0004\000.\0005\000.\0006\0002\000\040\000E\000n\000d\000\050\000\051}{subsection.9.14.5}% 257
\BOOKMARK [3][-]{subsubsection.9.14.5.63}{\376\377\0009\000.\0001\0004\000.\0005\000.\0006\0003\000\040\000C\000o\000n\000s\000t\000E\000n\000d\000\050\000\051}{subsection.9.14.5}% 258
\BOOKMARK [3][-]{subsubsection.9.14.5.64}{\376\377\0009\000.\0001\0004\000.\0005\000.\0006\0004\000\040\000R\000e\000v\000e\000r\000s\000e\000E\000n\000d\000\050\000\051}{subsection.9.14.5}% 259
\BOOKMARK [3][-]{subsubsection.9.14.5.65}{\376\377\0009\000.\0001\0004\000.\0005\000.\0006\0005\000\040\000C\000o\000n\000s\000t\000R\000e\000v\000e\000r\000s\000e\000E\000n\000d\000\050\000\051}{subsection.9.14.5}% 260
\BOOKMARK [3][-]{subsubsection.9.14.5.66}{\376\377\0009\000.\0001\0004\000.\0005\000.\0006\0006\000\040\000S\000a\000f\000e\000E\000n\000d\000\050\000\051}{subsection.9.14.5}% 261
\BOOKMARK [3][-]{subsubsection.9.14.5.67}{\376\377\0009\000.\0001\0004\000.\0005\000.\0006\0007\000\040\000S\000a\000f\000e\000C\000o\000n\000s\000t\000E\000n\000d\000\050\000\051}{subsection.9.14.5}% 262
\BOOKMARK [3][-]{subsubsection.9.14.5.68}{\376\377\0009\000.\0001\0004\000.\0005\000.\0006\0008\000\040\000S\000a\000f\000e\000R\000e\000v\000e\000r\000s\000e\000E\000n\000d\000\050\000\051}{subsection.9.14.5}% 263
\BOOKMARK [3][-]{subsubsection.9.14.5.69}{\376\377\0009\000.\0001\0004\000.\0005\000.\0006\0009\000\040\000S\000a\000f\000e\000C\000o\000n\000s\000t\000R\000e\000v\000e\000r\000s\000e\000E\000n\000d\000\050\000\051}{subsection.9.14.5}% 264
\BOOKMARK [3][-]{subsubsection.9.14.5.70}{\376\377\0009\000.\0001\0004\000.\0005\000.\0007\0000\000\040\000b\000e\000g\000i\000n\000\050\000\051\000\040\000[\0001\000/\0002\000]}{subsection.9.14.5}% 265
\BOOKMARK [3][-]{subsubsection.9.14.5.71}{\376\377\0009\000.\0001\0004\000.\0005\000.\0007\0001\000\040\000b\000e\000g\000i\000n\000\050\000\051\000\040\000[\0002\000/\0002\000]}{subsection.9.14.5}% 266
\BOOKMARK [3][-]{subsubsection.9.14.5.72}{\376\377\0009\000.\0001\0004\000.\0005\000.\0007\0002\000\040\000c\000b\000e\000g\000i\000n\000\050\000\051}{subsection.9.14.5}% 267
\BOOKMARK [3][-]{subsubsection.9.14.5.73}{\376\377\0009\000.\0001\0004\000.\0005\000.\0007\0003\000\040\000r\000b\000e\000g\000i\000n\000\050\000\051\000\040\000[\0001\000/\0002\000]}{subsection.9.14.5}% 268
\BOOKMARK [3][-]{subsubsection.9.14.5.74}{\376\377\0009\000.\0001\0004\000.\0005\000.\0007\0004\000\040\000r\000b\000e\000g\000i\000n\000\050\000\051\000\040\000[\0002\000/\0002\000]}{subsection.9.14.5}% 269
\BOOKMARK [3][-]{subsubsection.9.14.5.75}{\376\377\0009\000.\0001\0004\000.\0005\000.\0007\0005\000\040\000c\000r\000b\000e\000g\000i\000n\000\050\000\051}{subsection.9.14.5}% 270
\BOOKMARK [3][-]{subsubsection.9.14.5.76}{\376\377\0009\000.\0001\0004\000.\0005\000.\0007\0006\000\040\000e\000n\000d\000\050\000\051\000\040\000[\0001\000/\0002\000]}{subsection.9.14.5}% 271
\BOOKMARK [3][-]{subsubsection.9.14.5.77}{\376\377\0009\000.\0001\0004\000.\0005\000.\0007\0007\000\040\000e\000n\000d\000\050\000\051\000\040\000[\0002\000/\0002\000]}{subsection.9.14.5}% 272
\BOOKMARK [3][-]{subsubsection.9.14.5.78}{\376\377\0009\000.\0001\0004\000.\0005\000.\0007\0008\000\040\000c\000e\000n\000d\000\050\000\051}{subsection.9.14.5}% 273
\BOOKMARK [3][-]{subsubsection.9.14.5.79}{\376\377\0009\000.\0001\0004\000.\0005\000.\0007\0009\000\040\000r\000e\000n\000d\000\050\000\051\000\040\000[\0001\000/\0002\000]}{subsection.9.14.5}% 274
\BOOKMARK [3][-]{subsubsection.9.14.5.80}{\376\377\0009\000.\0001\0004\000.\0005\000.\0008\0000\000\040\000r\000e\000n\000d\000\050\000\051\000\040\000[\0002\000/\0002\000]}{subsection.9.14.5}% 275
\BOOKMARK [3][-]{subsubsection.9.14.5.81}{\376\377\0009\000.\0001\0004\000.\0005\000.\0008\0001\000\040\000c\000r\000e\000n\000d\000\050\000\051}{subsection.9.14.5}% 276
\BOOKMARK [0][-]{chapter.10}{\376\377\0001\0000\000\040\000F\000i\000l\000e\000\040\000D\000o\000c\000u\000m\000e\000n\000t\000a\000t\000i\000o\000n}{}% 277
\BOOKMARK [1][-]{section.10.1}{\376\377\0001\0000\000.\0001\000\040\000C\000o\000m\000m\000o\000n\000T\000y\000p\000e\000s\000/\000E\000x\000c\000e\000p\000t\000i\000o\000n\000.\000h\000\040\000F\000i\000l\000e\000\040\000R\000e\000f\000e\000r\000e\000n\000c\000e}{chapter.10}% 278
\BOOKMARK [1][-]{section.10.2}{\376\377\0001\0000\000.\0002\000\040\000C\000o\000m\000m\000o\000n\000T\000y\000p\000e\000s\000/\000I\000t\000e\000r\000a\000t\000o\000r\000s\000/\000B\000l\000o\000c\000k\000.\000h\000\040\000F\000i\000l\000e\000\040\000R\000e\000f\000e\000r\000e\000n\000c\000e}{chapter.10}% 279
\BOOKMARK [1][-]{section.10.3}{\376\377\0001\0000\000.\0003\000\040\000C\000o\000m\000m\000o\000n\000T\000y\000p\000e\000s\000/\000O\000p\000t\000i\000o\000n\000a\000l\000.\000h\000\040\000F\000i\000l\000e\000\040\000R\000e\000f\000e\000r\000e\000n\000c\000e}{chapter.10}% 280
\BOOKMARK [1][-]{section.10.4}{\376\377\0001\0000\000.\0004\000\040\000C\000o\000m\000m\000o\000n\000T\000y\000p\000e\000s\000/\000P\000a\000i\000r\000.\000h\000\040\000F\000i\000l\000e\000\040\000R\000e\000f\000e\000r\000e\000n\000c\000e}{chapter.10}% 281
\BOOKMARK [1][-]{section.10.5}{\376\377\0001\0000\000.\0005\000\040\000C\000o\000m\000m\000o\000n\000T\000y\000p\000e\000s\000/\000V\000e\000c\000t\000o\000r\000.\000h\000\040\000F\000i\000l\000e\000\040\000R\000e\000f\000e\000r\000e\000n\000c\000e}{chapter.10}% 282
\BOOKMARK [1][-]{section.10.6}{\376\377\0001\0000\000.\0006\000\040\000C\000o\000m\000m\000o\000n\000U\000t\000i\000l\000s\000/\000A\000d\000v\000a\000n\000c\000e\000d\000I\000t\000e\000r\000a\000t\000i\000o\000n\000.\000h\000\040\000F\000i\000l\000e\000\040\000R\000e\000f\000e\000r\000e\000n\000c\000e}{chapter.10}% 283
\BOOKMARK [1][-]{section.10.7}{\376\377\0001\0000\000.\0007\000\040\000C\000o\000m\000m\000o\000n\000U\000t\000i\000l\000s\000/\000A\000s\000s\000e\000r\000t\000.\000h\000\040\000F\000i\000l\000e\000\040\000R\000e\000f\000e\000r\000e\000n\000c\000e}{chapter.10}% 284
\BOOKMARK [2][-]{subsection.10.7.1}{\376\377\0001\0000\000.\0007\000.\0001\000\040\000M\000a\000c\000r\000o\000\040\000D\000e\000f\000i\000n\000i\000t\000i\000o\000n\000\040\000D\000o\000c\000u\000m\000e\000n\000t\000a\000t\000i\000o\000n}{section.10.7}% 285
\BOOKMARK [3][-]{subsubsection.10.7.1.1}{\376\377\0001\0000\000.\0007\000.\0001\000.\0001\000\040\000A\000S\000S\000E\000R\000T}{subsection.10.7.1}% 286
\BOOKMARK [1][-]{section.10.8}{\376\377\0001\0000\000.\0008\000\040\000C\000o\000m\000m\000o\000n\000U\000t\000i\000l\000s\000/\000B\000l\000o\000c\000k\000A\000l\000l\000o\000c\000a\000t\000i\000o\000n\000.\000h\000\040\000F\000i\000l\000e\000\040\000R\000e\000f\000e\000r\000e\000n\000c\000e}{chapter.10}% 287
\BOOKMARK [1][-]{section.10.9}{\376\377\0001\0000\000.\0009\000\040\000C\000o\000m\000m\000o\000n\000U\000t\000i\000l\000s\000/\000R\000a\000w\000S\000t\000r\000i\000n\000g\000.\000h\000\040\000F\000i\000l\000e\000\040\000R\000e\000f\000e\000r\000e\000n\000c\000e}{chapter.10}% 288
\BOOKMARK [1][-]{section.10.10}{\376\377\0001\0000\000.\0001\0000\000\040\000C\000o\000m\000m\000o\000n\000U\000t\000i\000l\000s\000/\000S\000o\000r\000t\000.\000h\000\040\000F\000i\000l\000e\000\040\000R\000e\000f\000e\000r\000e\000n\000c\000e}{chapter.10}% 289
\BOOKMARK [1][-]{section.10.11}{\376\377\0001\0000\000.\0001\0001\000\040\000C\000o\000m\000m\000o\000n\000U\000t\000i\000l\000s\000/\000T\000y\000p\000e\000O\000p\000e\000r\000a\000t\000i\000o\000n\000s\000.\000h\000\040\000F\000i\000l\000e\000\040\000R\000e\000f\000e\000r\000e\000n\000c\000e}{chapter.10}% 290
\BOOKMARK [1][-]{section.10.12}{\376\377\0001\0000\000.\0001\0002\000\040\000A\000:\000/\000Y\000u\000r\000i\000\040\000-\000\040\000w\000o\000r\000k\000/\000D\000e\000s\000k\000t\000o\000p\000/\000C\000o\000m\000m\000o\000n\000L\000i\000b\000s\000/\000P\000a\000g\000e\000s\000.\000d\000o\000x\000\040\000F\000i\000l\000e\000\040\000R\000e\000f\000e\000r\000e\000n\000c\000e}{chapter.10}% 291
\BOOKMARK [0][-]{section*.55}{\376\377\000I\000n\000d\000e\000x}{}% 292
